<?xml version="1.0" encoding="UTF-8"?>
<!-- Generated by org.testng.reporters.JUnitXMLReporter -->
<testsuite ignored="2" hostname="DESKTOP-315BBS2" failures="1" tests="2" name="Test" time="0.228" errors="0" timestamp="2025-03-16T10:38:41 IST">
  <testcase classname="test.LoginPageTest" name="@BeforeTest setUp" time="0.002">
    <failure type="java.io.FileNotFoundException" message="D:\JavaWorkspace\TestNG.DemoWorkShop\src\test\resources\data\Loginfile.properties (The system cannot find the file specified)">
      <![CDATA[java.io.FileNotFoundException: D:\JavaWorkspace\TestNG.DemoWorkShop\src\test\resources\data\Loginfile.properties (The system cannot find the file specified)
at java.base/java.io.FileInputStream.open0(Native Method)
at java.base/java.io.FileInputStream.open(FileInputStream.java:213)
at java.base/java.io.FileInputStream.<init>(FileInputStream.java:152)
at java.base/java.io.FileInputStream.<init>(FileInputStream.java:106)
at java.base/java.io.FileReader.<init>(FileReader.java:60)
at Utils.Utility.readFromPropFile(Utility.java:87)
at test.LoginPageTest.setUp(LoginPageTest.java:18)
... Removed 22 stack frames]]>
    </failure>
  </testcase> <!-- @BeforeTest setUp -->
  <testcase classname="test.ReegisterTest" name="@BeforeTest setUp" time="0.0">
    <skipped/>
  </testcase> <!-- @BeforeTest setUp -->
  <testcase classname="Base.ProjectSpecificationMethods" name="@BeforeClass testDetails" time="0.0">
    <skipped/>
  </testcase> <!-- @BeforeClass testDetails -->
  <testcase classname="Base.ProjectSpecificationMethods" name="@BeforeMethod LaunchingAndLoading" time="0.0">
    <skipped/>
  </testcase> <!-- @BeforeMethod LaunchingAndLoading -->
  <testcase classname="Base.ProjectSpecificationMethods" name="@AfterMethod closebrowser" time="0.0">
    <skipped/>
  </testcase> <!-- @AfterMethod closebrowser -->
  <testcase classname="Base.ProjectSpecificationMethods" name="@BeforeClass testDetails" time="0.0">
    <skipped/>
  </testcase> <!-- @BeforeClass testDetails -->
  <testcase classname="test.LoginPageTest" name="LoginTest" time="0.0">
    <skipped/>
  </testcase> <!-- LoginTest -->
  <testcase classname="test.ReegisterTest" name="RegisterTest" time="0.0">
    <failure type="java.lang.RuntimeException" message="org.apache.poi.openxml4j.exceptions.InvalidOperationException: Can&amp;apos;t open the specified file input stream from file: &amp;apos;D:\JavaWorkspace\TestNG.DemoWorkShop\src\test\resources\data\Register.xlsx&amp;apos;">
      <![CDATA[java.lang.RuntimeException: org.apache.poi.openxml4j.exceptions.InvalidOperationException: Can't open the specified file input stream from file: 'D:\JavaWorkspace\TestNG.DemoWorkShop\src\test\resources\data\Register.xlsx'
at java.base/java.util.ArrayList.forEach(ArrayList.java:1596)
Caused by: org.apache.poi.openxml4j.exceptions.InvalidOperationException: Can't open the specified file input stream from file: 'D:\JavaWorkspace\TestNG.DemoWorkShop\src\test\resources\data\Register.xlsx'
at org.apache.poi.openxml4j.opc.ZipPackage.openZipEntrySourceStream(ZipPackage.java:210)
at org.apache.poi.openxml4j.opc.ZipPackage.<init>(ZipPackage.java:197)
at org.apache.poi.openxml4j.opc.ZipPackage.<init>(ZipPackage.java:171)
at org.apache.poi.openxml4j.opc.OPCPackage.open(OPCPackage.java:247)
at org.apache.poi.openxml4j.opc.OPCPackage.open(OPCPackage.java:178)
at org.apache.poi.ooxml.POIXMLDocument.openPackage(POIXMLDocument.java:88)
at org.apache.poi.xssf.usermodel.XSSFWorkbook.<init>(XSSFWorkbook.java:356)
at Utils.Utility.readExcel(Utility.java:58)
at Base.ProjectSpecificationMethods.readData(ProjectSpecificationMethods.java:58)
... 25 more
Caused by: java.nio.file.NoSuchFileException: D:\JavaWorkspace\TestNG.DemoWorkShop\src\test\resources\data\Register.xlsx
at java.base/sun.nio.fs.WindowsException.translateToIOException(WindowsException.java:85)
at java.base/sun.nio.fs.WindowsException.rethrowAsIOException(WindowsException.java:103)
at java.base/sun.nio.fs.WindowsException.rethrowAsIOException(WindowsException.java:108)
at java.base/sun.nio.fs.WindowsFileSystemProvider.newByteChannel(WindowsFileSystemProvider.java:234)
at java.base/java.nio.file.Files.newByteChannel(Files.java:379)
at java.base/java.nio.file.Files.newByteChannel(Files.java:431)
at java.base/java.nio.file.spi.FileSystemProvider.newInputStream(FileSystemProvider.java:420)
at java.base/java.nio.file.Files.newInputStream(Files.java:159)
at org.apache.poi.openxml4j.opc.ZipPackage.openZipEntrySourceStream(ZipPackage.java:207)
... 38 more
... Removed 30 stack frames]]>
    </failure>
  </testcase> <!-- RegisterTest -->
  <testcase classname="Base.ProjectSpecificationMethods" name="@BeforeSuite reportInitialization" time="0.0">
    <ignored/>
  </testcase> <!-- @BeforeSuite reportInitialization -->
  <testcase classname="Base.ProjectSpecificationMethods" name="@AfterSuite reportClose" time="0.0">
    <ignored/>
  </testcase> <!-- @AfterSuite reportClose -->
</testsuite> <!-- Test -->
